{"/Users/yeti/Development/promise-unmap/src/index.ts": {"path":"/Users/yeti/Development/promise-unmap/src/index.ts","statementMap":{"0":{"start":{"line":6,"column":4},"end":{"line":6,"column":11}},"1":{"start":{"line":7,"column":4},"end":{"line":7,"column":26}},"2":{"start":{"line":8,"column":4},"end":{"line":8,"column":34}},"3":{"start":{"line":9,"column":4},"end":{"line":9,"column":37}},"4":{"start":{"line":17,"column":4},"end":{"line":17,"column":37}},"5":{"start":{"line":18,"column":4},"end":{"line":18,"column":73}},"6":{"start":{"line":18,"column":51},"end":{"line":18,"column":72}},"7":{"start":{"line":19,"column":4},"end":{"line":19,"column":64}},"8":{"start":{"line":19,"column":45},"end":{"line":19,"column":63}},"9":{"start":{"line":24,"column":2},"end":{"line":33,"column":4}},"10":{"start":{"line":25,"column":4},"end":{"line":27,"column":36}},"11":{"start":{"line":26,"column":34},"end":{"line":26,"column":37}},"12":{"start":{"line":27,"column":32},"end":{"line":27,"column":35}},"13":{"start":{"line":29,"column":4},"end":{"line":31,"column":5}},"14":{"start":{"line":29,"column":26},"end":{"line":29,"column":44}},"15":{"start":{"line":30,"column":6},"end":{"line":30,"column":42}},"16":{"start":{"line":32,"column":4},"end":{"line":32,"column":18}},"17":{"start":{"line":23,"column":0},"end":{"line":34,"column":1}},"18":{"start":{"line":38,"column":42},"end":{"line":38,"column":44}},"19":{"start":{"line":40,"column":2},"end":{"line":47,"column":3}},"20":{"start":{"line":41,"column":4},"end":{"line":46,"column":5}},"21":{"start":{"line":42,"column":16},"end":{"line":42,"column":52}},"22":{"start":{"line":42,"column":48},"end":{"line":42,"column":51}},"23":{"start":{"line":43,"column":6},"end":{"line":43,"column":58}},"24":{"start":{"line":45,"column":6},"end":{"line":45,"column":68}},"25":{"start":{"line":45,"column":63},"end":{"line":45,"column":66}},"26":{"start":{"line":49,"column":2},"end":{"line":59,"column":6}},"27":{"start":{"line":50,"column":4},"end":{"line":52,"column":5}},"28":{"start":{"line":51,"column":6},"end":{"line":51,"column":65}},"29":{"start":{"line":51,"column":37},"end":{"line":51,"column":64}},"30":{"start":{"line":55,"column":6},"end":{"line":57,"column":7}},"31":{"start":{"line":55,"column":35},"end":{"line":55,"column":53}},"32":{"start":{"line":56,"column":8},"end":{"line":56,"column":61}},"33":{"start":{"line":58,"column":6},"end":{"line":58,"column":20}},"34":{"start":{"line":37,"column":0},"end":{"line":60,"column":1}}},"fnMap":{"0":{"name":"(anonymous_6)","decl":{"start":{"line":5,"column":2},"end":{"line":5,"column":14}},"loc":{"start":{"line":5,"column":30},"end":{"line":10,"column":3}}},"1":{"name":"(anonymous_7)","decl":{"start":{"line":16,"column":2},"end":{"line":16,"column":14}},"loc":{"start":{"line":16,"column":34},"end":{"line":20,"column":3}}},"2":{"name":"(anonymous_8)","decl":{"start":{"line":18,"column":39},"end":{"line":18,"column":40}},"loc":{"start":{"line":18,"column":51},"end":{"line":18,"column":72}}},"3":{"name":"(anonymous_9)","decl":{"start":{"line":19,"column":33},"end":{"line":19,"column":34}},"loc":{"start":{"line":19,"column":45},"end":{"line":19,"column":63}}},"4":{"name":"promiseUnmap","decl":{"start":{"line":23,"column":0},"end":{"line":23,"column":29}},"loc":{"start":{"line":23,"column":52},"end":{"line":34,"column":1}}},"5":{"name":"(anonymous_11)","decl":{"start":{"line":24,"column":33},"end":{"line":24,"column":34}},"loc":{"start":{"line":24,"column":37},"end":{"line":28,"column":3}}},"6":{"name":"(anonymous_12)","decl":{"start":{"line":26,"column":18},"end":{"line":26,"column":19}},"loc":{"start":{"line":26,"column":34},"end":{"line":26,"column":37}}},"7":{"name":"(anonymous_13)","decl":{"start":{"line":27,"column":16},"end":{"line":27,"column":17}},"loc":{"start":{"line":27,"column":32},"end":{"line":27,"column":35}}},"8":{"name":"(anonymous_14)","decl":{"start":{"line":28,"column":11},"end":{"line":28,"column":12}},"loc":{"start":{"line":28,"column":35},"end":{"line":33,"column":3}}},"9":{"name":"(anonymous_15)","decl":{"start":{"line":29,"column":21},"end":{"line":29,"column":22}},"loc":{"start":{"line":29,"column":26},"end":{"line":29,"column":44}}},"10":{"name":"promiseUnmapSerial","decl":{"start":{"line":37,"column":0},"end":{"line":37,"column":41}},"loc":{"start":{"line":37,"column":64},"end":{"line":60,"column":1}}},"11":{"name":"(anonymous_18)","decl":{"start":{"line":42,"column":32},"end":{"line":42,"column":33}},"loc":{"start":{"line":42,"column":48},"end":{"line":42,"column":51}}},"12":{"name":"(anonymous_19)","decl":{"start":{"line":45,"column":47},"end":{"line":45,"column":48}},"loc":{"start":{"line":45,"column":63},"end":{"line":45,"column":66}}},"13":{"name":"(anonymous_20)","decl":{"start":{"line":49,"column":29},"end":{"line":49,"column":30}},"loc":{"start":{"line":50,"column":4},"end":{"line":52,"column":5}}},"14":{"name":"(anonymous_21)","decl":{"start":{"line":50,"column":21},"end":{"line":50,"column":30}},"loc":{"start":{"line":51,"column":6},"end":{"line":51,"column":65}}},"15":{"name":"(anonymous_22)","decl":{"start":{"line":51,"column":23},"end":{"line":51,"column":32}},"loc":{"start":{"line":51,"column":37},"end":{"line":51,"column":64}}},"16":{"name":"(anonymous_23)","decl":{"start":{"line":54,"column":10},"end":{"line":54,"column":16}},"loc":{"start":{"line":54,"column":20},"end":{"line":59,"column":5}}},"17":{"name":"(anonymous_24)","decl":{"start":{"line":55,"column":23},"end":{"line":55,"column":24}},"loc":{"start":{"line":55,"column":35},"end":{"line":55,"column":53}}}},"branchMap":{"0":{"loc":{"start":{"line":26,"column":8},"end":{"line":26,"column":38}},"type":"cond-expr","locations":[{"start":{"line":26,"column":8},"end":{"line":26,"column":38}},{"start":{"line":27,"column":8},"end":{"line":27,"column":36}}]},"1":{"loc":{"start":{"line":29,"column":4},"end":{"line":31,"column":5}},"type":"if","locations":[{"start":{"line":29,"column":4},"end":{"line":31,"column":5}},{"start":{"line":29,"column":4},"end":{"line":31,"column":5}}]},"2":{"loc":{"start":{"line":41,"column":4},"end":{"line":46,"column":5}},"type":"if","locations":[{"start":{"line":41,"column":4},"end":{"line":46,"column":5}},{"start":{"line":41,"column":4},"end":{"line":46,"column":5}}]},"3":{"loc":{"start":{"line":55,"column":6},"end":{"line":57,"column":7}},"type":"if","locations":[{"start":{"line":55,"column":6},"end":{"line":57,"column":7}},{"start":{"line":55,"column":6},"end":{"line":57,"column":7}}]}},"s":{"0":2,"1":2,"2":2,"3":2,"4":2,"5":2,"6":12,"7":2,"8":12,"9":3,"10":11,"11":1,"12":1,"13":3,"14":7,"15":1,"16":2,"17":1,"18":3,"19":3,"20":11,"21":8,"22":1,"23":8,"24":3,"25":1,"26":3,"27":11,"28":11,"29":11,"30":3,"31":7,"32":1,"33":2,"34":1},"f":{"0":2,"1":2,"2":12,"3":12,"4":3,"5":11,"6":1,"7":1,"8":3,"9":7,"10":3,"11":1,"12":1,"13":11,"14":11,"15":11,"16":3,"17":7},"b":{"0":[8,3],"1":[1,2],"2":[8,3],"3":[1,2]}}
}
