TN:
SF:/Users/yeti/Development/promise-unmap/src/index.ts
FN:5,(anonymous_6)
FN:16,(anonymous_7)
FN:18,(anonymous_8)
FN:19,(anonymous_9)
FN:23,promiseUnmap
FN:24,(anonymous_11)
FN:26,(anonymous_12)
FN:27,(anonymous_13)
FN:28,(anonymous_14)
FN:29,(anonymous_15)
FN:37,promiseUnmapSerial
FN:42,(anonymous_18)
FN:45,(anonymous_19)
FN:49,(anonymous_20)
FN:50,(anonymous_21)
FN:51,(anonymous_22)
FN:54,(anonymous_23)
FN:55,(anonymous_24)
FNF:18
FNH:18
FNDA:2,(anonymous_6)
FNDA:2,(anonymous_7)
FNDA:12,(anonymous_8)
FNDA:12,(anonymous_9)
FNDA:3,promiseUnmap
FNDA:11,(anonymous_11)
FNDA:1,(anonymous_12)
FNDA:1,(anonymous_13)
FNDA:3,(anonymous_14)
FNDA:7,(anonymous_15)
FNDA:3,promiseUnmapSerial
FNDA:1,(anonymous_18)
FNDA:1,(anonymous_19)
FNDA:11,(anonymous_20)
FNDA:11,(anonymous_21)
FNDA:11,(anonymous_22)
FNDA:3,(anonymous_23)
FNDA:7,(anonymous_24)
DA:6,2
DA:7,2
DA:8,2
DA:9,2
DA:17,2
DA:18,12
DA:19,12
DA:23,1
DA:24,3
DA:25,11
DA:26,1
DA:27,1
DA:29,7
DA:30,1
DA:32,2
DA:37,1
DA:38,3
DA:40,3
DA:41,11
DA:42,8
DA:43,8
DA:45,3
DA:49,3
DA:50,11
DA:51,11
DA:55,7
DA:56,1
DA:58,2
LF:28
LH:28
BRDA:26,0,0,8
BRDA:26,0,1,3
BRDA:29,1,0,1
BRDA:29,1,1,2
BRDA:41,2,0,8
BRDA:41,2,1,3
BRDA:55,3,0,1
BRDA:55,3,1,2
BRF:8
BRH:8
end_of_record
